2015/07/16 11:35:11 INFO  - jmeter.util.JMeterUtils: Setting Locale to en_US 
2015/07/16 11:35:11 INFO  - jmeter.JMeter: Loading user properties from: /Users/akalyanasundaram/Documents/my-info/apache-jmeter-2.13/bin/user.properties 
2015/07/16 11:35:11 INFO  - jmeter.JMeter: Loading system properties from: /Users/akalyanasundaram/Documents/my-info/apache-jmeter-2.13/bin/system.properties 
2015/07/16 11:35:11 INFO  - jmeter.JMeter: Copyright (c) 1998-2015 The Apache Software Foundation 
2015/07/16 11:35:11 INFO  - jmeter.JMeter: Version 2.13 r1665067 
2015/07/16 11:35:11 INFO  - jmeter.JMeter: java.version=1.8.0_45 
2015/07/16 11:35:11 INFO  - jmeter.JMeter: java.vm.name=Java HotSpot(TM) 64-Bit Server VM 
2015/07/16 11:35:11 INFO  - jmeter.JMeter: os.name=Mac OS X 
2015/07/16 11:35:11 INFO  - jmeter.JMeter: os.arch=x86_64 
2015/07/16 11:35:11 INFO  - jmeter.JMeter: os.version=10.10.3 
2015/07/16 11:35:11 INFO  - jmeter.JMeter: file.encoding=UTF-8 
2015/07/16 11:35:11 INFO  - jmeter.JMeter: Default Locale=English (United States) 
2015/07/16 11:35:11 INFO  - jmeter.JMeter: JMeter  Locale=English (United States) 
2015/07/16 11:35:11 INFO  - jmeter.JMeter: JMeterHome=/Users/akalyanasundaram/Documents/my-info/apache-jmeter-2.13 
2015/07/16 11:35:11 INFO  - jmeter.JMeter: user.dir  =/Users/akalyanasundaram/Documents/my-info/code/acmeair-netflix/acmeair-driver/src/main/scripts 
2015/07/16 11:35:11 INFO  - jmeter.JMeter: PWD       =/Users/akalyanasundaram/Documents/my-info/code/acmeair-netflix/acmeair-driver/src/main/scripts 
2015/07/16 11:35:11 INFO  - jmeter.JMeter: IP: 10.20.124.224 Name: promd-2s-dhcp224.eng.vmware.com FullName: promd-2s-dhcp224.eng.vmware.com 
2015/07/16 11:35:11 INFO  - jmeter.services.FileServer: Default base='/Users/akalyanasundaram/Documents/my-info/code/acmeair-netflix/acmeair-driver/src/main/scripts' 
2015/07/16 11:35:11 INFO  - jmeter.services.FileServer: Set new base='/Users/akalyanasundaram/Documents/my-info/code/acmeair-netflix/acmeair-driver/src/main/scripts' 
2015/07/16 11:35:11 INFO  - jmeter.save.SaveService: Testplan (JMX) version: 2.2. Testlog (JTL) version: 2.2 
2015/07/16 11:35:11 INFO  - jmeter.save.SaveService: Using SaveService properties file encoding UTF-8 
2015/07/16 11:35:11 INFO  - jmeter.save.SaveService: Using SaveService properties file version 1656252 
2015/07/16 11:35:12 INFO  - jmeter.save.SaveService: Using SaveService properties version 2.8 
2015/07/16 11:35:12 INFO  - jmeter.save.SaveService: All converter versions present and correct 
2015/07/16 11:35:12 INFO  - jmeter.save.SaveService: Loading file: acmeair-driver_vmware_const_througput.jmx 
2015/07/16 11:35:12 INFO  - jmeter.protocol.http.control.CookieManager: Settings: Delete null: true Check: true Allow variable: true Save: false Prefix: COOKIE_ 
2015/07/16 11:35:12 INFO  - jmeter.protocol.http.sampler.HTTPSamplerBase: Cannot find .className property for htmlParser, using default 
2015/07/16 11:35:12 INFO  - jmeter.protocol.http.sampler.HTTPSamplerBase: Parser for text/html is  
2015/07/16 11:35:12 INFO  - jmeter.protocol.http.sampler.HTTPSamplerBase: Parser for application/xhtml+xml is  
2015/07/16 11:35:12 INFO  - jmeter.protocol.http.sampler.HTTPSamplerBase: Parser for application/xml is  
2015/07/16 11:35:12 INFO  - jmeter.protocol.http.sampler.HTTPSamplerBase: Parser for text/xml is  
2015/07/16 11:35:12 INFO  - jmeter.protocol.http.sampler.HTTPSamplerBase: Parser for text/vnd.wap.wml is org.apache.jmeter.protocol.http.parser.RegexpHTMLParser 
2015/07/16 11:35:12 INFO  - jmeter.JMeter: Creating summariser <summary> 
2015/07/16 11:35:12 INFO  - jmeter.engine.StandardJMeterEngine: Listeners will be started after enabling running version 
2015/07/16 11:35:12 INFO  - jmeter.engine.StandardJMeterEngine: To revert to the earlier behaviour, define jmeterengine.startlistenerslater=false 
2015/07/16 11:35:12 INFO  - jmeter.engine.StandardJMeterEngine: Running the test! 
2015/07/16 11:35:12 INFO  - jmeter.samplers.SampleEvent: List of sample_variables: [] 
2015/07/16 11:35:12 INFO  - jmeter.samplers.SampleEvent: List of sample_variables: [] 
2015/07/16 11:35:12 INFO  - jmeter.engine.util.CompoundVariable: Note: Function class names must contain the string: '.functions.' 
2015/07/16 11:35:12 INFO  - jmeter.engine.util.CompoundVariable: Note: Function class names must not contain the string: '.gui.' 
2015/07/16 11:35:12 INFO  - jmeter.JMeter: Running test (1437071712427) 
2015/07/16 11:35:12 INFO  - jmeter.engine.StandardJMeterEngine: Starting ThreadGroup: 1 : WarmUP 
2015/07/16 11:35:12 INFO  - jmeter.engine.StandardJMeterEngine: Starting 5 threads for group WarmUP. 
2015/07/16 11:35:12 INFO  - jmeter.engine.StandardJMeterEngine: Thread will start next loop on error 
2015/07/16 11:35:12 INFO  - jmeter.threads.ThreadGroup: Starting thread group number 1 threads 5 ramp-up 5 perThread 1000.0 delayedStart=false 
2015/07/16 11:35:12 INFO  - jmeter.threads.JMeterThread: jmeterthread.startearlier=true (see jmeter.properties) 
2015/07/16 11:35:12 INFO  - jmeter.threads.JMeterThread: Running PostProcessors in forward order 
2015/07/16 11:35:12 INFO  - jmeter.threads.JMeterThread: Thread started: WarmUP 1-1 
2015/07/16 11:35:12 INFO  - jmeter.services.FileServer: Stored: Airports2.csv 
2015/07/16 11:35:12 INFO  - jmeter.services.FileServer: Stored: Airports.csv 
2015/07/16 11:35:12 INFO  - jmeter.threads.ThreadGroup: Started thread group number 1 
2015/07/16 11:35:12 INFO  - jmeter.engine.StandardJMeterEngine: Waiting for thread group: WarmUP to finish before starting next group 
2015/07/16 11:35:12 INFO  - jmeter.protocol.http.sampler.HTTPHCAbstractImpl: Local host = promd-2s-dhcp224.eng.vmware.com 
2015/07/16 11:35:12 INFO  - jmeter.protocol.http.sampler.HTTPHC4Impl: HTTP request retry count = 0 
2015/07/16 11:35:12 INFO  - jmeter.protocol.http.sampler.HTTPHC4Impl: Setting up HTTPS TrustAll scheme 
2015/07/16 11:35:12 INFO  - jmeter.util.JsseSSLManager: Using default SSL protocol: TLS 
2015/07/16 11:35:12 INFO  - jmeter.util.JsseSSLManager: SSL session context: per-thread 
2015/07/16 11:35:12 INFO  - jmeter.samplers.SampleResult: Note: Sample TimeStamps are START times 
2015/07/16 11:35:12 INFO  - jmeter.samplers.SampleResult: sampleresult.default.encoding is set to ISO-8859-1 
2015/07/16 11:35:12 INFO  - jmeter.samplers.SampleResult: sampleresult.useNanoTime=true 
2015/07/16 11:35:12 INFO  - jmeter.samplers.SampleResult: sampleresult.nanoThreadSleep=5000 
2015/07/16 11:35:13 INFO  - jmeter.threads.JMeterThread: Thread started: WarmUP 1-2 
2015/07/16 11:35:14 INFO  - jmeter.threads.JMeterThread: Thread started: WarmUP 1-3 
2015/07/16 11:35:14 INFO  - jmeter.util.BeanShellTestElement: Processing flights 
2015/07/16 11:35:15 INFO  - jmeter.threads.JMeterThread: Thread started: WarmUP 1-4 
2015/07/16 11:35:16 INFO  - jmeter.util.BeanShellTestElement: 1 
2015/07/16 11:35:16 INFO  - jmeter.util.BeanShellTestElement: cancel booking: f372c566-1995-4e1f-8058-c1486e402119 
2015/07/16 11:35:16 INFO  - jmeter.threads.JMeterThread: Thread started: WarmUP 1-5 
2015/07/16 11:35:17 INFO  - jmeter.util.BeanShellTestElement: Processing flights 
2015/07/16 11:35:18 INFO  - jmeter.util.BeanShellTestElement: Processing flights 
2015/07/16 11:35:18 INFO  - jmeter.util.BeanShellTestElement: 2 
2015/07/16 11:35:18 INFO  - jmeter.util.BeanShellTestElement: cancel booking: 765c5a03-2ee6-430d-a726-814d942edd07 
2015/07/16 11:35:19 INFO  - jmeter.util.BeanShellTestElement: Processing flights 
2015/07/16 11:35:19 INFO  - jmeter.util.BeanShellTestElement: Processing flights 
2015/07/16 11:35:19 INFO  - jmeter.util.BeanShellTestElement: 1 
2015/07/16 11:35:19 INFO  - jmeter.util.BeanShellTestElement: cancel booking: b0cbf83b-3719-4b87-add7-626be8ae4a42 
2015/07/16 11:35:19 INFO  - jmeter.util.BeanShellTestElement: Processing flights 
2015/07/16 11:35:19 INFO  - jmeter.util.BeanShellTestElement: 1 
2015/07/16 11:35:19 INFO  - jmeter.util.BeanShellTestElement: cancel booking: d3e9bb90-2984-4455-a479-256a63dc788d 
2015/07/16 11:35:19 INFO  - jmeter.util.BeanShellTestElement: 2 
2015/07/16 11:35:19 INFO  - jmeter.util.BeanShellTestElement: cancel booking: af85eebf-b43c-4811-af58-3c1a9e6b0c93 
2015/07/16 11:35:20 INFO  - jmeter.util.BeanShellTestElement: 2 
2015/07/16 11:35:20 INFO  - jmeter.util.BeanShellTestElement: cancel booking: 3d3fd12c-7cf2-46ca-8a67-66931abb3733 
2015/07/16 11:35:20 INFO  - jmeter.util.BeanShellTestElement: 1 
2015/07/16 11:35:20 INFO  - jmeter.util.BeanShellTestElement: cancel booking: 467a8498-150b-499b-be4a-4e9672eda093 
2015/07/16 11:35:20 INFO  - jmeter.util.BeanShellTestElement: 1 
2015/07/16 11:35:20 INFO  - jmeter.util.BeanShellTestElement: cancel booking: 0a9ceed0-5d9b-412c-bf6b-822244c1aa61 
2015/07/16 11:35:20 INFO  - jmeter.util.BeanShellTestElement: 2 
2015/07/16 11:35:20 INFO  - jmeter.util.BeanShellTestElement: cancel booking: ea6d09d3-dd6b-4f5e-8121-2c0d062d7cce 
2015/07/16 11:35:21 INFO  - jmeter.util.BeanShellTestElement: 1 
2015/07/16 11:35:21 INFO  - jmeter.util.BeanShellTestElement: cancel booking: 81ab8509-be36-4442-be2a-cbb595eb83e9 
2015/07/16 11:35:22 INFO  - jmeter.util.BeanShellTestElement: Processing flights 
2015/07/16 11:35:22 INFO  - jmeter.util.BeanShellTestElement: Processing flights 
2015/07/16 11:35:23 INFO  - jmeter.util.BeanShellTestElement: Processing flights 
2015/07/16 11:35:23 INFO  - jmeter.util.BeanShellTestElement: 2 
2015/07/16 11:35:23 INFO  - jmeter.util.BeanShellTestElement: cancel booking: f2cb461b-c316-4b88-9e5b-846d1862f32b 
2015/07/16 11:35:23 INFO  - jmeter.util.BeanShellTestElement: Processing flights 
2015/07/16 11:35:23 INFO  - jmeter.util.BeanShellTestElement: 2 
2015/07/16 11:35:23 INFO  - jmeter.util.BeanShellTestElement: cancel booking: 5de452a0-4470-40fc-a807-3bafadfdf567 
2015/07/16 11:35:23 INFO  - jmeter.util.BeanShellTestElement: 1 
2015/07/16 11:35:23 INFO  - jmeter.util.BeanShellTestElement: cancel booking: a16b58b4-f8cc-41ea-bf1b-5b963b5289ae 
2015/07/16 11:35:24 INFO  - jmeter.util.BeanShellTestElement: 1 
2015/07/16 11:35:24 INFO  - jmeter.util.BeanShellTestElement: cancel booking: c53cbb79-072d-44bc-8915-d912587f9bfb 
2015/07/16 11:35:24 INFO  - jmeter.util.BeanShellTestElement: Processing flights 
2015/07/16 11:35:24 INFO  - jmeter.util.BeanShellTestElement: 2 
2015/07/16 11:35:24 INFO  - jmeter.util.BeanShellTestElement: cancel booking: 8ba78dc8-cdca-4648-9635-db515f6bbb6e 
2015/07/16 11:35:24 INFO  - jmeter.util.BeanShellTestElement: 2 
2015/07/16 11:35:24 INFO  - jmeter.util.BeanShellTestElement: cancel booking: a4a35691-1092-45b4-bc2e-1f35389c977a 
2015/07/16 11:35:24 INFO  - jmeter.util.BeanShellTestElement: 1 
2015/07/16 11:35:24 INFO  - jmeter.util.BeanShellTestElement: cancel booking: 3af58714-f5d4-43b8-ad49-f3f9a26bee98 
2015/07/16 11:35:25 INFO  - jmeter.util.BeanShellTestElement: 1 
2015/07/16 11:35:25 INFO  - jmeter.util.BeanShellTestElement: cancel booking: 9b51e8bd-7614-4f8f-a0a9-a8086305bb79 
2015/07/16 11:35:25 INFO  - jmeter.util.BeanShellTestElement: 2 
2015/07/16 11:35:25 INFO  - jmeter.util.BeanShellTestElement: cancel booking: 7733cef6-0514-4bce-9823-b52e4cd0a92c 
2015/07/16 11:35:26 INFO  - jmeter.util.BeanShellTestElement: 1 
2015/07/16 11:35:26 INFO  - jmeter.util.BeanShellTestElement: cancel booking: aba0ac7c-7d69-4afb-a6bf-e4f9c29cf198 
2015/07/16 11:35:26 INFO  - jmeter.util.BeanShellTestElement: Processing flights 
2015/07/16 11:35:27 INFO  - jmeter.util.BeanShellTestElement: Processing flights 
2015/07/16 11:35:27 INFO  - jmeter.util.BeanShellTestElement: Processing flights 
2015/07/16 11:35:27 INFO  - jmeter.util.BeanShellTestElement: 2 
2015/07/16 11:35:27 INFO  - jmeter.util.BeanShellTestElement: cancel booking: 6c051491-4399-460d-8506-e0ee4e9b59fe 
2015/07/16 11:35:28 INFO  - jmeter.util.BeanShellTestElement: 1 
2015/07/16 11:35:28 INFO  - jmeter.util.BeanShellTestElement: cancel booking: 4d109b8a-4127-4434-9589-747576e8a301 
2015/07/16 11:35:28 INFO  - jmeter.util.BeanShellTestElement: 1 
2015/07/16 11:35:28 INFO  - jmeter.util.BeanShellTestElement: cancel booking: 2b379eee-56b9-42e2-aece-6d236fa7f0fb 
2015/07/16 11:35:28 INFO  - jmeter.util.BeanShellTestElement: 2 
2015/07/16 11:35:28 INFO  - jmeter.util.BeanShellTestElement: cancel booking: 4195e252-47f7-48f8-906b-735ee1b85845 
2015/07/16 11:35:29 INFO  - jmeter.util.BeanShellTestElement: 1 
2015/07/16 11:35:29 INFO  - jmeter.util.BeanShellTestElement: cancel booking: 53b27abb-4abb-4ab3-bda5-36c5e9e84e9a 
2015/07/16 11:35:30 INFO  - jmeter.util.BeanShellTestElement: Processing flights 
2015/07/16 11:35:31 INFO  - jmeter.util.BeanShellTestElement: Processing flights 
2015/07/16 11:35:31 INFO  - jmeter.util.BeanShellTestElement: Processing flights 
2015/07/16 11:35:31 INFO  - jmeter.util.BeanShellTestElement: 1 
2015/07/16 11:35:31 INFO  - jmeter.util.BeanShellTestElement: cancel booking: 5afa7e20-1560-4cff-aa53-2e7956310ba1 
2015/07/16 11:35:32 INFO  - jmeter.util.BeanShellTestElement: Processing flights 
2015/07/16 11:35:32 INFO  - jmeter.util.BeanShellTestElement: 1 
2015/07/16 11:35:32 INFO  - jmeter.util.BeanShellTestElement: cancel booking: 0674f31f-9d0b-4656-947b-7eaf5d6c904f 
2015/07/16 11:35:32 INFO  - jmeter.util.BeanShellTestElement: 2 
2015/07/16 11:35:32 INFO  - jmeter.util.BeanShellTestElement: cancel booking: 9a9b5214-00de-4874-bc9b-e85e198e3082 
2015/07/16 11:35:32 INFO  - jmeter.util.BeanShellTestElement: Processing flights 
2015/07/16 11:35:32 INFO  - jmeter.util.BeanShellTestElement: 1 
2015/07/16 11:35:32 INFO  - jmeter.util.BeanShellTestElement: cancel booking: 88a0d74c-3978-4e46-bd9a-f1a9f8e8ae7c 
2015/07/16 11:35:33 INFO  - jmeter.util.BeanShellTestElement: 2 
2015/07/16 11:35:33 INFO  - jmeter.util.BeanShellTestElement: cancel booking: 60418524-4427-4512-a903-59e439b4e260 
2015/07/16 11:35:33 INFO  - jmeter.util.BeanShellTestElement: 1 
2015/07/16 11:35:33 INFO  - jmeter.util.BeanShellTestElement: cancel booking: 07e941ae-69c6-44ae-a292-517b71dae303 
2015/07/16 11:35:33 INFO  - jmeter.util.BeanShellTestElement: 2 
2015/07/16 11:35:33 INFO  - jmeter.util.BeanShellTestElement: cancel booking: da0e525a-f6ae-4529-a2e3-ccb8e65ff5e2 
2015/07/16 11:35:34 INFO  - jmeter.util.BeanShellTestElement: 1 
2015/07/16 11:35:34 INFO  - jmeter.util.BeanShellTestElement: cancel booking: e78f8f98-600a-4d61-b1ef-60dab563e13f 
2015/07/16 11:35:34 INFO  - jmeter.util.BeanShellTestElement: Processing flights 
2015/07/16 11:35:35 INFO  - jmeter.util.BeanShellTestElement: Processing flights 
2015/07/16 11:35:35 INFO  - jmeter.util.BeanShellTestElement: 2 
2015/07/16 11:35:35 INFO  - jmeter.util.BeanShellTestElement: cancel booking: 56adcd38-3714-44f7-b8a0-9a9dbd54b81a 
2015/07/16 11:35:35 INFO  - jmeter.util.BeanShellTestElement: Processing flights 
2015/07/16 11:35:35 INFO  - jmeter.util.BeanShellTestElement: 1 
2015/07/16 11:35:35 INFO  - jmeter.util.BeanShellTestElement: cancel booking: e9ae2470-e503-438b-a96c-028c8da448e8 
2015/07/16 11:35:36 INFO  - jmeter.util.BeanShellTestElement: Processing flights 
2015/07/16 11:35:36 INFO  - jmeter.util.BeanShellTestElement: 2 
2015/07/16 11:35:36 INFO  - jmeter.util.BeanShellTestElement: cancel booking: 81c3df2e-78d8-4e02-9a5f-221dcac141f4 
2015/07/16 11:35:36 INFO  - jmeter.util.BeanShellTestElement: 2 
2015/07/16 11:35:36 INFO  - jmeter.util.BeanShellTestElement: cancel booking: 86aad774-6d7e-4b17-9a85-834e29597baf 
2015/07/16 11:35:37 INFO  - jmeter.util.BeanShellTestElement: 1 
2015/07/16 11:35:37 INFO  - jmeter.util.BeanShellTestElement: cancel booking: 1ef2a703-7afc-4e24-92e4-8699869a176d 
2015/07/16 11:35:37 INFO  - jmeter.util.BeanShellTestElement: 1 
2015/07/16 11:35:37 INFO  - jmeter.util.BeanShellTestElement: cancel booking: abcc89e0-e2c8-4bd0-89c8-8f1db8ace039 
2015/07/16 11:35:37 INFO  - jmeter.util.BeanShellTestElement: Processing flights 
2015/07/16 11:35:37 INFO  - jmeter.util.BeanShellTestElement: 2 
2015/07/16 11:35:37 INFO  - jmeter.util.BeanShellTestElement: cancel booking: 0c3a487b-bde2-4c40-bcd7-ab0324484076 
2015/07/16 11:35:38 INFO  - jmeter.util.BeanShellTestElement: 1 
2015/07/16 11:35:38 INFO  - jmeter.util.BeanShellTestElement: cancel booking: ff258c99-9cb1-4e00-9a62-b97dc4542f1b 
2015/07/16 11:35:38 INFO  - jmeter.util.BeanShellTestElement: 2 
2015/07/16 11:35:38 INFO  - jmeter.util.BeanShellTestElement: cancel booking: cc457fa3-b72b-413e-8e5c-998a4b35648c 
2015/07/16 11:35:38 INFO  - jmeter.util.BeanShellTestElement: Processing flights 
2015/07/16 11:35:39 INFO  - jmeter.util.BeanShellTestElement: 1 
2015/07/16 11:35:39 INFO  - jmeter.util.BeanShellTestElement: cancel booking: f598dc76-e9da-46c9-90cf-20cd8ad4d901 
2015/07/16 11:35:39 INFO  - jmeter.util.BeanShellTestElement: 1 
2015/07/16 11:35:39 INFO  - jmeter.util.BeanShellTestElement: cancel booking: 12816cab-79ca-4840-9253-34adfb2de761 
2015/07/16 11:35:40 INFO  - jmeter.util.BeanShellTestElement: Processing flights 
2015/07/16 11:35:40 INFO  - jmeter.util.BeanShellTestElement: Processing flights 
2015/07/16 11:35:41 INFO  - jmeter.util.BeanShellTestElement: 2 
2015/07/16 11:35:41 INFO  - jmeter.util.BeanShellTestElement: cancel booking: 864c0d4f-d6b1-4d03-b30e-f2bfde02ef24 
2015/07/16 11:35:41 INFO  - jmeter.util.BeanShellTestElement: 2 
2015/07/16 11:35:41 INFO  - jmeter.util.BeanShellTestElement: cancel booking: 90c5e1f4-113c-4940-9d9c-106d61b67d89 
2015/07/16 11:35:41 INFO  - jmeter.util.BeanShellTestElement: 1 
2015/07/16 11:35:41 INFO  - jmeter.util.BeanShellTestElement: cancel booking: 367c36fc-934f-47bc-8764-0c559f3e2807 
2015/07/16 11:35:42 INFO  - jmeter.util.BeanShellTestElement: 1 
2015/07/16 11:35:42 INFO  - jmeter.util.BeanShellTestElement: cancel booking: aae1f332-e73e-4dc3-9768-13f5f5238f31 
2015/07/16 11:35:42 INFO  - jmeter.util.BeanShellTestElement: Processing flights 
2015/07/16 11:35:43 INFO  - jmeter.util.BeanShellTestElement: 2 
2015/07/16 11:35:43 INFO  - jmeter.util.BeanShellTestElement: cancel booking: 197223b3-a015-4154-b43e-fa43032485ec 
2015/07/16 11:35:44 INFO  - jmeter.util.BeanShellTestElement: 1 
2015/07/16 11:35:44 INFO  - jmeter.util.BeanShellTestElement: cancel booking: 6f201feb-93b4-4a58-a14d-5a109ade4997 
2015/07/16 11:35:44 INFO  - jmeter.util.BeanShellTestElement: Processing flights 
2015/07/16 11:35:44 INFO  - jmeter.util.BeanShellTestElement: Processing flights 
2015/07/16 11:35:45 INFO  - jmeter.util.BeanShellTestElement: 2 
2015/07/16 11:35:45 INFO  - jmeter.util.BeanShellTestElement: cancel booking: 6c3fb183-33a4-4a43-b751-470e72e96e88 
2015/07/16 11:35:45 INFO  - jmeter.util.BeanShellTestElement: Processing flights 
2015/07/16 11:35:45 INFO  - jmeter.util.BeanShellTestElement: 1 
2015/07/16 11:35:45 INFO  - jmeter.util.BeanShellTestElement: cancel booking: f7b3efb9-e3f5-45e7-8889-35739d6132c4 
2015/07/16 11:35:45 INFO  - jmeter.util.BeanShellTestElement: Processing flights 
2015/07/16 11:35:45 INFO  - jmeter.util.BeanShellTestElement: 1 
2015/07/16 11:35:45 INFO  - jmeter.util.BeanShellTestElement: cancel booking: 8d9d988d-57da-45cf-b34c-cbd203b12e19 
2015/07/16 11:35:46 INFO  - jmeter.util.BeanShellTestElement: 2 
2015/07/16 11:35:46 INFO  - jmeter.util.BeanShellTestElement: cancel booking: b4e45275-7c7e-41b0-9279-f36f5bcef68e 
2015/07/16 11:35:46 INFO  - jmeter.util.BeanShellTestElement: 2 
2015/07/16 11:35:46 INFO  - jmeter.util.BeanShellTestElement: cancel booking: 6ee0a149-068e-458f-924a-fa1f0fadbc65 
2015/07/16 11:35:46 INFO  - jmeter.util.BeanShellTestElement: Processing flights 
2015/07/16 11:35:47 INFO  - jmeter.util.BeanShellTestElement: 1 
2015/07/16 11:35:47 INFO  - jmeter.util.BeanShellTestElement: cancel booking: c9236b11-6516-49ff-b148-0ff330c21bd4 
2015/07/16 11:35:47 INFO  - jmeter.util.BeanShellTestElement: 1 
2015/07/16 11:35:47 INFO  - jmeter.util.BeanShellTestElement: cancel booking: 84750f0c-2174-4759-94f9-1068e6cabd10 
2015/07/16 11:35:48 INFO  - jmeter.util.BeanShellTestElement: 2 
2015/07/16 11:35:48 INFO  - jmeter.util.BeanShellTestElement: cancel booking: 706720ac-b8fe-40fd-9575-1d3487ece390 
2015/07/16 11:35:48 INFO  - jmeter.util.BeanShellTestElement: Processing flights 
2015/07/16 11:35:48 INFO  - jmeter.util.BeanShellTestElement: 1 
2015/07/16 11:35:48 INFO  - jmeter.util.BeanShellTestElement: cancel booking: 71cf25af-0442-46a3-a8d1-80d352024350 
2015/07/16 11:35:49 INFO  - jmeter.util.BeanShellTestElement: Processing flights 
2015/07/16 11:35:49 INFO  - jmeter.util.BeanShellTestElement: 2 
2015/07/16 11:35:49 INFO  - jmeter.util.BeanShellTestElement: cancel booking: b5d9117c-d8fc-4187-97d1-9b3c5ccd1a55 
2015/07/16 11:35:49 INFO  - jmeter.util.BeanShellTestElement: Processing flights 
2015/07/16 11:35:49 INFO  - jmeter.util.BeanShellTestElement: 1 
2015/07/16 11:35:49 INFO  - jmeter.util.BeanShellTestElement: cancel booking: c2f139f5-37eb-4fbd-907a-77bbc52f4ca3 
2015/07/16 11:35:49 INFO  - jmeter.util.BeanShellTestElement: Processing flights 
2015/07/16 11:35:50 INFO  - jmeter.util.BeanShellTestElement: 2 
2015/07/16 11:35:50 INFO  - jmeter.util.BeanShellTestElement: cancel booking: a5010608-a556-4bf9-84a3-8813f09125f4 
2015/07/16 11:35:50 INFO  - jmeter.util.BeanShellTestElement: 2 
2015/07/16 11:35:50 INFO  - jmeter.util.BeanShellTestElement: cancel booking: 5c9a53b8-1f75-4b77-b0ee-17dc076adc6e 
2015/07/16 11:35:50 INFO  - jmeter.util.BeanShellTestElement: 1 
2015/07/16 11:35:50 INFO  - jmeter.util.BeanShellTestElement: cancel booking: 21e23039-7aa4-4754-bebb-7f45d55880e5 
2015/07/16 11:35:51 INFO  - jmeter.util.BeanShellTestElement: 1 
2015/07/16 11:35:51 INFO  - jmeter.util.BeanShellTestElement: cancel booking: f738009d-a46c-4f0d-bce9-2338f7f15c80 
2015/07/16 11:35:51 INFO  - jmeter.util.BeanShellTestElement: 1 
2015/07/16 11:35:51 INFO  - jmeter.util.BeanShellTestElement: cancel booking: 9b9f0ced-782b-4e61-a4b4-5b757c1ff56f 
2015/07/16 11:35:51 INFO  - jmeter.util.BeanShellTestElement: Processing flights 
2015/07/16 11:35:52 INFO  - jmeter.util.BeanShellTestElement: Processing flights 
2015/07/16 11:35:52 INFO  - jmeter.util.BeanShellTestElement: 2 
2015/07/16 11:35:52 INFO  - jmeter.util.BeanShellTestElement: cancel booking: 6d1b4430-13d5-4e09-9c68-a98d9d4c6e16 
2015/07/16 11:35:53 INFO  - jmeter.util.BeanShellTestElement: 1 
2015/07/16 11:35:53 INFO  - jmeter.util.BeanShellTestElement: cancel booking: bba5f228-31e2-4ab7-82b5-1a941a1360b8 
2015/07/16 11:35:53 INFO  - jmeter.util.BeanShellTestElement: 2 
2015/07/16 11:35:53 INFO  - jmeter.util.BeanShellTestElement: cancel booking: 64a5642b-2a4c-4088-850b-aad0d4da27b4 
2015/07/16 11:35:54 INFO  - jmeter.util.BeanShellTestElement: Processing flights 
2015/07/16 11:35:54 INFO  - jmeter.util.BeanShellTestElement: 1 
2015/07/16 11:35:54 INFO  - jmeter.util.BeanShellTestElement: cancel booking: aee86c30-83e3-4854-bb56-f3e250ef1869 
2015/07/16 11:35:54 INFO  - jmeter.threads.JMeterThread: Thread is done: WarmUP 1-3 
2015/07/16 11:35:54 INFO  - jmeter.threads.JMeterThread: Thread finished: WarmUP 1-3 
2015/07/16 11:35:54 INFO  - jmeter.threads.JMeterThread: Thread is done: WarmUP 1-1 
2015/07/16 11:35:54 INFO  - jmeter.threads.JMeterThread: Thread finished: WarmUP 1-1 
2015/07/16 11:35:54 INFO  - jmeter.util.BeanShellTestElement: 2 
2015/07/16 11:35:54 INFO  - jmeter.util.BeanShellTestElement: cancel booking: dbc2dde9-72b1-4403-a97d-a9d6adfe0ceb 
2015/07/16 11:35:55 INFO  - jmeter.util.BeanShellTestElement: 1 
2015/07/16 11:35:55 INFO  - jmeter.util.BeanShellTestElement: cancel booking: 7bfdfeb0-701a-471e-9eda-6f22efda0fbd 
2015/07/16 11:35:55 INFO  - jmeter.threads.JMeterThread: Thread is done: WarmUP 1-2 
2015/07/16 11:35:55 INFO  - jmeter.threads.JMeterThread: Thread finished: WarmUP 1-2 
2015/07/16 11:35:55 INFO  - jmeter.util.BeanShellTestElement: Processing flights 
2015/07/16 11:35:56 INFO  - jmeter.util.BeanShellTestElement: 2 
2015/07/16 11:35:56 INFO  - jmeter.util.BeanShellTestElement: cancel booking: 6ffec751-5c14-4c46-bfe3-1395039787f7 
2015/07/16 11:35:57 INFO  - jmeter.util.BeanShellTestElement: Processing flights 
2015/07/16 11:35:57 INFO  - jmeter.util.BeanShellTestElement: 1 
2015/07/16 11:35:57 INFO  - jmeter.util.BeanShellTestElement: cancel booking: 648b216c-7c29-486b-9666-71b399249192 
2015/07/16 11:35:58 INFO  - jmeter.util.BeanShellTestElement: 1 
2015/07/16 11:35:58 INFO  - jmeter.util.BeanShellTestElement: cancel booking: dd837c3b-4017-4b20-8712-84623bed02ab 
2015/07/16 11:35:58 INFO  - jmeter.threads.JMeterThread: Thread is done: WarmUP 1-4 
2015/07/16 11:35:58 INFO  - jmeter.threads.JMeterThread: Thread finished: WarmUP 1-4 
2015/07/16 11:35:59 INFO  - jmeter.threads.JMeterThread: Thread is done: WarmUP 1-5 
2015/07/16 11:35:59 INFO  - jmeter.threads.JMeterThread: Thread finished: WarmUP 1-5 
2015/07/16 11:35:59 INFO  - jmeter.engine.StandardJMeterEngine: Starting ThreadGroup: 2 : Load Test 1 Scale Up 
2015/07/16 11:35:59 INFO  - jmeter.engine.StandardJMeterEngine: Starting 100 threads for group Load Test 1 Scale Up. 
2015/07/16 11:35:59 INFO  - jmeter.engine.StandardJMeterEngine: Thread will start next loop on error 
2015/07/16 11:35:59 INFO  - jmeter.threads.ThreadGroup: Starting thread group number 2 threads 100 ramp-up 20 perThread 200.0 delayedStart=false 
2015/07/16 11:36:00 INFO  - jmeter.threads.ThreadGroup: Started thread group number 2 
2015/07/16 11:36:00 INFO  - jmeter.engine.StandardJMeterEngine: All thread groups have been started 
2015/07/16 11:36:09 INFO  - jmeter.threads.JMeterThread: Thread started: Load Test 1 Scale Up 2-1 
2015/07/16 11:36:09 INFO  - jmeter.threads.JMeterThread: Thread started: Load Test 1 Scale Up 2-2 
2015/07/16 11:36:09 INFO  - jmeter.threads.JMeterThread: Thread started: Load Test 1 Scale Up 2-3 
2015/07/16 11:36:09 INFO  - jmeter.threads.JMeterThread: Thread started: Load Test 1 Scale Up 2-4 
2015/07/16 11:36:09 INFO  - jmeter.threads.JMeterThread: Thread started: Load Test 1 Scale Up 2-5 
2015/07/16 11:36:10 INFO  - jmeter.threads.JMeterThread: Thread started: Load Test 1 Scale Up 2-6 
2015/07/16 11:36:10 INFO  - jmeter.threads.JMeterThread: Thread started: Load Test 1 Scale Up 2-7 
2015/07/16 11:36:10 INFO  - jmeter.threads.JMeterThread: Thread started: Load Test 1 Scale Up 2-8 
2015/07/16 11:36:10 INFO  - jmeter.threads.JMeterThread: Thread started: Load Test 1 Scale Up 2-9 
2015/07/16 11:36:10 INFO  - jmeter.threads.JMeterThread: Thread started: Load Test 1 Scale Up 2-10 
2015/07/16 11:36:11 INFO  - jmeter.threads.JMeterThread: Thread started: Load Test 1 Scale Up 2-11 
2015/07/16 11:36:11 INFO  - jmeter.threads.JMeterThread: Thread started: Load Test 1 Scale Up 2-12 
2015/07/16 11:36:11 INFO  - jmeter.threads.JMeterThread: Thread started: Load Test 1 Scale Up 2-13 
2015/07/16 11:36:11 INFO  - jmeter.threads.JMeterThread: Thread started: Load Test 1 Scale Up 2-14 
2015/07/16 11:36:11 INFO  - jmeter.threads.JMeterThread: Thread started: Load Test 1 Scale Up 2-15 
2015/07/16 11:36:12 INFO  - jmeter.threads.JMeterThread: Thread started: Load Test 1 Scale Up 2-16 
2015/07/16 11:36:12 INFO  - jmeter.threads.JMeterThread: Thread started: Load Test 1 Scale Up 2-17 
2015/07/16 11:36:12 INFO  - jmeter.threads.JMeterThread: Thread started: Load Test 1 Scale Up 2-18 
2015/07/16 11:36:12 INFO  - jmeter.threads.JMeterThread: Thread started: Load Test 1 Scale Up 2-19 
2015/07/16 11:36:12 INFO  - jmeter.threads.JMeterThread: Thread started: Load Test 1 Scale Up 2-20 
2015/07/16 11:36:13 INFO  - jmeter.threads.JMeterThread: Thread started: Load Test 1 Scale Up 2-21 
2015/07/16 11:36:13 INFO  - jmeter.threads.JMeterThread: Thread started: Load Test 1 Scale Up 2-22 
2015/07/16 11:36:13 INFO  - jmeter.threads.JMeterThread: Thread started: Load Test 1 Scale Up 2-23 
2015/07/16 11:36:13 INFO  - jmeter.threads.JMeterThread: Thread started: Load Test 1 Scale Up 2-24 
2015/07/16 11:36:13 INFO  - jmeter.threads.JMeterThread: Thread started: Load Test 1 Scale Up 2-25 
2015/07/16 11:36:14 INFO  - jmeter.threads.JMeterThread: Thread started: Load Test 1 Scale Up 2-26 
2015/07/16 11:36:14 INFO  - jmeter.threads.JMeterThread: Thread started: Load Test 1 Scale Up 2-27 
2015/07/16 11:36:14 INFO  - jmeter.threads.JMeterThread: Thread started: Load Test 1 Scale Up 2-28 
2015/07/16 11:36:14 INFO  - jmeter.threads.JMeterThread: Thread started: Load Test 1 Scale Up 2-29 
2015/07/16 11:36:14 INFO  - jmeter.threads.JMeterThread: Thread started: Load Test 1 Scale Up 2-30 
2015/07/16 11:36:15 INFO  - jmeter.threads.JMeterThread: Thread started: Load Test 1 Scale Up 2-31 
2015/07/16 11:36:15 INFO  - jmeter.threads.JMeterThread: Thread started: Load Test 1 Scale Up 2-32 
2015/07/16 11:36:15 INFO  - jmeter.threads.JMeterThread: Thread started: Load Test 1 Scale Up 2-33 
2015/07/16 11:36:15 INFO  - jmeter.threads.JMeterThread: Thread started: Load Test 1 Scale Up 2-34 
2015/07/16 11:36:15 INFO  - jmeter.threads.JMeterThread: Thread started: Load Test 1 Scale Up 2-35 
2015/07/16 11:36:16 INFO  - jmeter.threads.JMeterThread: Thread started: Load Test 1 Scale Up 2-36 
2015/07/16 11:36:16 INFO  - jmeter.threads.JMeterThread: Thread started: Load Test 1 Scale Up 2-37 
2015/07/16 11:36:16 INFO  - jmeter.threads.JMeterThread: Thread started: Load Test 1 Scale Up 2-38 
2015/07/16 11:36:16 INFO  - jmeter.threads.JMeterThread: Thread started: Load Test 1 Scale Up 2-39 
2015/07/16 11:36:16 INFO  - jmeter.threads.JMeterThread: Thread started: Load Test 1 Scale Up 2-40 
2015/07/16 11:36:17 INFO  - jmeter.threads.JMeterThread: Thread started: Load Test 1 Scale Up 2-41 
2015/07/16 11:36:17 INFO  - jmeter.threads.JMeterThread: Thread started: Load Test 1 Scale Up 2-42 
2015/07/16 11:36:17 INFO  - jmeter.threads.JMeterThread: Thread started: Load Test 1 Scale Up 2-43 
2015/07/16 11:36:17 INFO  - jmeter.threads.JMeterThread: Thread started: Load Test 1 Scale Up 2-44 
2015/07/16 11:36:17 INFO  - jmeter.threads.JMeterThread: Thread started: Load Test 1 Scale Up 2-45 
2015/07/16 11:36:18 INFO  - jmeter.threads.JMeterThread: Thread started: Load Test 1 Scale Up 2-46 
2015/07/16 11:36:18 INFO  - jmeter.threads.JMeterThread: Thread started: Load Test 1 Scale Up 2-47 
2015/07/16 11:36:18 INFO  - jmeter.threads.JMeterThread: Thread started: Load Test 1 Scale Up 2-48 
2015/07/16 11:36:18 INFO  - jmeter.threads.JMeterThread: Thread started: Load Test 1 Scale Up 2-49 
2015/07/16 11:36:18 INFO  - jmeter.threads.JMeterThread: Thread started: Load Test 1 Scale Up 2-50 
2015/07/16 11:36:19 INFO  - jmeter.threads.JMeterThread: Thread started: Load Test 1 Scale Up 2-51 
2015/07/16 11:36:19 INFO  - jmeter.threads.JMeterThread: Thread started: Load Test 1 Scale Up 2-52 
2015/07/16 11:36:19 INFO  - jmeter.threads.JMeterThread: Thread started: Load Test 1 Scale Up 2-53 
2015/07/16 11:36:19 INFO  - jmeter.threads.JMeterThread: Thread started: Load Test 1 Scale Up 2-54 
2015/07/16 11:36:19 INFO  - jmeter.threads.JMeterThread: Thread started: Load Test 1 Scale Up 2-55 
2015/07/16 11:36:20 INFO  - jmeter.threads.JMeterThread: Thread started: Load Test 1 Scale Up 2-56 
2015/07/16 11:36:20 INFO  - jmeter.threads.JMeterThread: Thread started: Load Test 1 Scale Up 2-57 
2015/07/16 11:36:20 INFO  - jmeter.threads.JMeterThread: Thread started: Load Test 1 Scale Up 2-58 
2015/07/16 11:36:20 INFO  - jmeter.threads.JMeterThread: Thread started: Load Test 1 Scale Up 2-59 
2015/07/16 11:36:20 INFO  - jmeter.threads.JMeterThread: Thread started: Load Test 1 Scale Up 2-60 
2015/07/16 11:36:21 INFO  - jmeter.threads.JMeterThread: Thread started: Load Test 1 Scale Up 2-61 
2015/07/16 11:36:21 INFO  - jmeter.threads.JMeterThread: Thread started: Load Test 1 Scale Up 2-62 
2015/07/16 11:36:21 INFO  - jmeter.threads.JMeterThread: Thread started: Load Test 1 Scale Up 2-63 
2015/07/16 11:36:21 INFO  - jmeter.threads.JMeterThread: Thread started: Load Test 1 Scale Up 2-64 
2015/07/16 11:36:21 INFO  - jmeter.threads.JMeterThread: Thread started: Load Test 1 Scale Up 2-65 
2015/07/16 11:36:22 INFO  - jmeter.threads.JMeterThread: Thread started: Load Test 1 Scale Up 2-66 
2015/07/16 11:36:22 INFO  - jmeter.threads.JMeterThread: Thread started: Load Test 1 Scale Up 2-67 
2015/07/16 11:36:22 INFO  - jmeter.threads.JMeterThread: Thread started: Load Test 1 Scale Up 2-68 
2015/07/16 11:36:22 INFO  - jmeter.threads.JMeterThread: Thread started: Load Test 1 Scale Up 2-69 
2015/07/16 11:36:22 INFO  - jmeter.threads.JMeterThread: Thread started: Load Test 1 Scale Up 2-70 
2015/07/16 11:36:23 INFO  - jmeter.threads.JMeterThread: Thread started: Load Test 1 Scale Up 2-71 
2015/07/16 11:36:23 INFO  - jmeter.threads.JMeterThread: Thread started: Load Test 1 Scale Up 2-72 
2015/07/16 11:36:23 INFO  - jmeter.threads.JMeterThread: Thread started: Load Test 1 Scale Up 2-73 
2015/07/16 11:36:23 INFO  - jmeter.threads.JMeterThread: Thread started: Load Test 1 Scale Up 2-74 
2015/07/16 11:36:23 INFO  - jmeter.threads.JMeterThread: Thread started: Load Test 1 Scale Up 2-75 
2015/07/16 11:36:24 INFO  - jmeter.threads.JMeterThread: Thread started: Load Test 1 Scale Up 2-76 
2015/07/16 11:36:24 INFO  - jmeter.threads.JMeterThread: Thread started: Load Test 1 Scale Up 2-77 
2015/07/16 11:36:24 INFO  - jmeter.threads.JMeterThread: Thread started: Load Test 1 Scale Up 2-78 
2015/07/16 11:36:24 INFO  - jmeter.threads.JMeterThread: Thread started: Load Test 1 Scale Up 2-79 
2015/07/16 11:36:24 INFO  - jmeter.threads.JMeterThread: Thread started: Load Test 1 Scale Up 2-80 
2015/07/16 11:36:25 INFO  - jmeter.threads.JMeterThread: Thread started: Load Test 1 Scale Up 2-81 
2015/07/16 11:36:25 INFO  - jmeter.threads.JMeterThread: Thread started: Load Test 1 Scale Up 2-82 
2015/07/16 11:36:25 INFO  - jmeter.threads.JMeterThread: Thread started: Load Test 1 Scale Up 2-83 
2015/07/16 11:36:25 INFO  - jmeter.threads.JMeterThread: Thread started: Load Test 1 Scale Up 2-84 
2015/07/16 11:36:25 INFO  - jmeter.threads.JMeterThread: Thread started: Load Test 1 Scale Up 2-85 
2015/07/16 11:36:26 INFO  - jmeter.threads.JMeterThread: Thread started: Load Test 1 Scale Up 2-86 
2015/07/16 11:36:26 INFO  - jmeter.threads.JMeterThread: Thread started: Load Test 1 Scale Up 2-87 
2015/07/16 11:36:26 INFO  - jmeter.threads.JMeterThread: Thread started: Load Test 1 Scale Up 2-88 
2015/07/16 11:36:26 INFO  - jmeter.threads.JMeterThread: Thread started: Load Test 1 Scale Up 2-89 
2015/07/16 11:36:26 INFO  - jmeter.threads.JMeterThread: Thread started: Load Test 1 Scale Up 2-90 
2015/07/16 11:36:27 INFO  - jmeter.threads.JMeterThread: Thread started: Load Test 1 Scale Up 2-91 
2015/07/16 11:36:27 INFO  - jmeter.threads.JMeterThread: Thread started: Load Test 1 Scale Up 2-92 
2015/07/16 11:36:27 INFO  - jmeter.threads.JMeterThread: Thread started: Load Test 1 Scale Up 2-93 
2015/07/16 11:36:27 INFO  - jmeter.threads.JMeterThread: Thread started: Load Test 1 Scale Up 2-94 
2015/07/16 11:36:27 INFO  - jmeter.threads.JMeterThread: Thread started: Load Test 1 Scale Up 2-95 
2015/07/16 11:36:28 INFO  - jmeter.threads.JMeterThread: Thread started: Load Test 1 Scale Up 2-96 
2015/07/16 11:36:28 INFO  - jmeter.threads.JMeterThread: Thread started: Load Test 1 Scale Up 2-97 
2015/07/16 11:36:28 INFO  - jmeter.threads.JMeterThread: Thread started: Load Test 1 Scale Up 2-98 
2015/07/16 11:36:28 INFO  - jmeter.threads.JMeterThread: Thread started: Load Test 1 Scale Up 2-99 
2015/07/16 11:36:28 INFO  - jmeter.threads.JMeterThread: Thread started: Load Test 1 Scale Up 2-100 
2015/07/16 11:40:37 ERROR - jmeter.util.BeanShellInterpreter: Error invoking bsh method: eval	Sourced file: inline evaluation of: ``import org.json.JSONObject;  import org.json.JSONArray;  JSONArray jsonArray = n . . . '' : Typed variable declaration : Object constructor 
2015/07/16 11:40:37 WARN  - jmeter.extractor.BeanShellPostProcessor: Problem in BeanShell script org.apache.jorphan.util.JMeterException: Error invoking bsh method: eval	Sourced file: inline evaluation of: ``import org.json.JSONObject;  import org.json.JSONArray;  JSONArray jsonArray = n . . . '' : Typed variable declaration : Object constructor 
2015/07/16 11:40:37 ERROR - jmeter.util.BeanShellInterpreter: Error invoking bsh method: eval	Sourced file: inline evaluation of: ``   //Extract Flight segment Id to book  //Check number of flights returned  impo . . . '' : Typed variable declaration : Object constructor 
2015/07/16 11:40:37 WARN  - jmeter.extractor.BeanShellPostProcessor: Problem in BeanShell script org.apache.jorphan.util.JMeterException: Error invoking bsh method: eval	Sourced file: inline evaluation of: ``   //Extract Flight segment Id to book  //Check number of flights returned  impo . . . '' : Typed variable declaration : Object constructor 
2015/07/16 11:40:37 ERROR - jmeter.util.BeanShellInterpreter: Error invoking bsh method: eval	Sourced file: inline evaluation of: ``import org.json.JSONObject;  import org.json.JSONArray;  JSONArray jsonArray = n . . . '' : Typed variable declaration : Object constructor 
2015/07/16 11:40:37 WARN  - jmeter.extractor.BeanShellPostProcessor: Problem in BeanShell script org.apache.jorphan.util.JMeterException: Error invoking bsh method: eval	Sourced file: inline evaluation of: ``import org.json.JSONObject;  import org.json.JSONArray;  JSONArray jsonArray = n . . . '' : Typed variable declaration : Object constructor 
2015/07/16 11:40:37 ERROR - jmeter.util.BeanShellInterpreter: Error invoking bsh method: eval	Sourced file: inline evaluation of: ``   //Extract Flight segment Id to book  //Check number of flights returned  impo . . . '' : Typed variable declaration : Object constructor 
2015/07/16 11:40:37 WARN  - jmeter.extractor.BeanShellPostProcessor: Problem in BeanShell script org.apache.jorphan.util.JMeterException: Error invoking bsh method: eval	Sourced file: inline evaluation of: ``   //Extract Flight segment Id to book  //Check number of flights returned  impo . . . '' : Typed variable declaration : Object constructor 
2015/07/16 11:40:37 ERROR - jmeter.util.BeanShellInterpreter: Error invoking bsh method: eval	Sourced file: inline evaluation of: ``import org.json.JSONObject;  import org.json.JSONArray;  JSONArray jsonArray = n . . . '' : Typed variable declaration : Object constructor 
2015/07/16 11:40:37 ERROR - jmeter.util.BeanShellInterpreter: Error invoking bsh method: eval	Sourced file: inline evaluation of: ``import org.json.JSONObject;  import org.json.JSONArray;  JSONArray jsonArray = n . . . '' : Typed variable declaration : Object constructor 
2015/07/16 11:40:37 WARN  - jmeter.extractor.BeanShellPostProcessor: Problem in BeanShell script org.apache.jorphan.util.JMeterException: Error invoking bsh method: eval	Sourced file: inline evaluation of: ``import org.json.JSONObject;  import org.json.JSONArray;  JSONArray jsonArray = n . . . '' : Typed variable declaration : Object constructor 
2015/07/16 11:40:37 WARN  - jmeter.extractor.BeanShellPostProcessor: Problem in BeanShell script org.apache.jorphan.util.JMeterException: Error invoking bsh method: eval	Sourced file: inline evaluation of: ``import org.json.JSONObject;  import org.json.JSONArray;  JSONArray jsonArray = n . . . '' : Typed variable declaration : Object constructor 
2015/07/16 11:40:37 ERROR - jmeter.util.BeanShellInterpreter: Error invoking bsh method: eval	Sourced file: inline evaluation of: ``import org.json.JSONObject;  import org.json.JSONArray;  JSONArray jsonArray = n . . . '' : Typed variable declaration : Object constructor 
2015/07/16 11:40:37 WARN  - jmeter.extractor.BeanShellPostProcessor: Problem in BeanShell script org.apache.jorphan.util.JMeterException: Error invoking bsh method: eval	Sourced file: inline evaluation of: ``import org.json.JSONObject;  import org.json.JSONArray;  JSONArray jsonArray = n . . . '' : Typed variable declaration : Object constructor 
2015/07/16 11:40:37 ERROR - jmeter.util.BeanShellInterpreter: Error invoking bsh method: eval	Sourced file: inline evaluation of: ``   //Extract Flight segment Id to book  //Check number of flights returned  impo . . . '' : Typed variable declaration : Object constructor 
2015/07/16 11:40:37 WARN  - jmeter.extractor.BeanShellPostProcessor: Problem in BeanShell script org.apache.jorphan.util.JMeterException: Error invoking bsh method: eval	Sourced file: inline evaluation of: ``   //Extract Flight segment Id to book  //Check number of flights returned  impo . . . '' : Typed variable declaration : Object constructor 
2015/07/16 11:40:37 ERROR - jmeter.util.BeanShellInterpreter: Error invoking bsh method: eval	Sourced file: inline evaluation of: ``import org.json.JSONObject;  import org.json.JSONArray;  JSONArray jsonArray = n . . . '' : Typed variable declaration : Object constructor 
2015/07/16 11:40:37 WARN  - jmeter.extractor.BeanShellPostProcessor: Problem in BeanShell script org.apache.jorphan.util.JMeterException: Error invoking bsh method: eval	Sourced file: inline evaluation of: ``import org.json.JSONObject;  import org.json.JSONArray;  JSONArray jsonArray = n . . . '' : Typed variable declaration : Object constructor 
2015/07/16 11:40:48 ERROR - jmeter.util.BeanShellInterpreter: Error invoking bsh method: eval	Sourced file: inline evaluation of: ``import org.json.JSONObject;  import org.json.JSONArray;  JSONArray jsonArray = n . . . '' : Typed variable declaration : Object constructor 
2015/07/16 11:40:48 WARN  - jmeter.extractor.BeanShellPostProcessor: Problem in BeanShell script org.apache.jorphan.util.JMeterException: Error invoking bsh method: eval	Sourced file: inline evaluation of: ``import org.json.JSONObject;  import org.json.JSONArray;  JSONArray jsonArray = n . . . '' : Typed variable declaration : Object constructor 
2015/07/16 11:40:50 ERROR - jmeter.util.BeanShellInterpreter: Error invoking bsh method: eval	Sourced file: inline evaluation of: ``   //Extract Flight segment Id to book  //Check number of flights returned  impo . . . '' : Typed variable declaration : Object constructor 
2015/07/16 11:40:50 WARN  - jmeter.extractor.BeanShellPostProcessor: Problem in BeanShell script org.apache.jorphan.util.JMeterException: Error invoking bsh method: eval	Sourced file: inline evaluation of: ``   //Extract Flight segment Id to book  //Check number of flights returned  impo . . . '' : Typed variable declaration : Object constructor 
2015/07/16 11:40:50 ERROR - jmeter.util.BeanShellInterpreter: Error invoking bsh method: eval	Sourced file: inline evaluation of: ``import org.json.JSONObject;  import org.json.JSONArray;  JSONArray jsonArray = n . . . '' : Typed variable declaration : Object constructor 
2015/07/16 11:40:50 WARN  - jmeter.extractor.BeanShellPostProcessor: Problem in BeanShell script org.apache.jorphan.util.JMeterException: Error invoking bsh method: eval	Sourced file: inline evaluation of: ``import org.json.JSONObject;  import org.json.JSONArray;  JSONArray jsonArray = n . . . '' : Typed variable declaration : Object constructor 
2015/07/16 11:40:51 ERROR - jmeter.util.BeanShellInterpreter: Error invoking bsh method: eval	Sourced file: inline evaluation of: ``import org.json.JSONObject;  import org.json.JSONArray;  JSONArray jsonArray = n . . . '' : Typed variable declaration : Object constructor 
2015/07/16 11:40:51 WARN  - jmeter.extractor.BeanShellPostProcessor: Problem in BeanShell script org.apache.jorphan.util.JMeterException: Error invoking bsh method: eval	Sourced file: inline evaluation of: ``import org.json.JSONObject;  import org.json.JSONArray;  JSONArray jsonArray = n . . . '' : Typed variable declaration : Object constructor 
2015/07/16 11:40:53 ERROR - jmeter.util.BeanShellInterpreter: Error invoking bsh method: eval	Sourced file: inline evaluation of: ``import org.json.JSONObject;  import org.json.JSONArray;  JSONArray jsonArray = n . . . '' : Typed variable declaration : Object constructor 
2015/07/16 11:40:53 WARN  - jmeter.extractor.BeanShellPostProcessor: Problem in BeanShell script org.apache.jorphan.util.JMeterException: Error invoking bsh method: eval	Sourced file: inline evaluation of: ``import org.json.JSONObject;  import org.json.JSONArray;  JSONArray jsonArray = n . . . '' : Typed variable declaration : Object constructor 
2015/07/16 11:40:53 ERROR - jmeter.util.BeanShellInterpreter: Error invoking bsh method: eval	Sourced file: inline evaluation of: ``import org.json.JSONObject;  import org.json.JSONArray;  JSONArray jsonArray = n . . . '' : Typed variable declaration : Object constructor 
2015/07/16 11:40:53 WARN  - jmeter.extractor.BeanShellPostProcessor: Problem in BeanShell script org.apache.jorphan.util.JMeterException: Error invoking bsh method: eval	Sourced file: inline evaluation of: ``import org.json.JSONObject;  import org.json.JSONArray;  JSONArray jsonArray = n . . . '' : Typed variable declaration : Object constructor 
2015/07/16 11:40:53 ERROR - jmeter.util.BeanShellInterpreter: Error invoking bsh method: eval	Sourced file: inline evaluation of: ``   //Extract Flight segment Id to book  //Check number of flights returned  impo . . . '' : Typed variable declaration : Object constructor 
2015/07/16 11:40:53 WARN  - jmeter.extractor.BeanShellPostProcessor: Problem in BeanShell script org.apache.jorphan.util.JMeterException: Error invoking bsh method: eval	Sourced file: inline evaluation of: ``   //Extract Flight segment Id to book  //Check number of flights returned  impo . . . '' : Typed variable declaration : Object constructor 
2015/07/16 11:41:09 INFO  - jmeter.threads.JMeterThread: Stopping because end time detected by thread: Load Test 1 Scale Up 2-15 
2015/07/16 11:41:09 INFO  - jmeter.threads.JMeterThread: Thread finished: Load Test 1 Scale Up 2-15 
2015/07/16 11:41:09 INFO  - jmeter.threads.JMeterThread: Stopping because end time detected by thread: Load Test 1 Scale Up 2-11 
2015/07/16 11:41:09 INFO  - jmeter.threads.JMeterThread: Thread finished: Load Test 1 Scale Up 2-11 
2015/07/16 11:41:09 INFO  - jmeter.threads.JMeterThread: Stopping because end time detected by thread: Load Test 1 Scale Up 2-64 
2015/07/16 11:41:09 INFO  - jmeter.threads.JMeterThread: Stopping because end time detected by thread: Load Test 1 Scale Up 2-49 
2015/07/16 11:41:09 INFO  - jmeter.threads.JMeterThread: Thread finished: Load Test 1 Scale Up 2-64 
2015/07/16 11:41:09 INFO  - jmeter.threads.JMeterThread: Thread finished: Load Test 1 Scale Up 2-49 
2015/07/16 11:41:09 INFO  - jmeter.threads.JMeterThread: Stopping because end time detected by thread: Load Test 1 Scale Up 2-54 
2015/07/16 11:41:09 INFO  - jmeter.threads.JMeterThread: Thread finished: Load Test 1 Scale Up 2-54 
2015/07/16 11:41:09 INFO  - jmeter.threads.JMeterThread: Stopping because end time detected by thread: Load Test 1 Scale Up 2-14 
2015/07/16 11:41:09 INFO  - jmeter.threads.JMeterThread: Thread finished: Load Test 1 Scale Up 2-14 
2015/07/16 11:41:09 INFO  - jmeter.threads.JMeterThread: Stopping because end time detected by thread: Load Test 1 Scale Up 2-69 
2015/07/16 11:41:09 INFO  - jmeter.threads.JMeterThread: Thread finished: Load Test 1 Scale Up 2-69 
2015/07/16 11:41:09 INFO  - jmeter.threads.JMeterThread: Stopping because end time detected by thread: Load Test 1 Scale Up 2-96 
2015/07/16 11:41:09 INFO  - jmeter.threads.JMeterThread: Thread finished: Load Test 1 Scale Up 2-96 
2015/07/16 11:41:09 INFO  - jmeter.threads.JMeterThread: Stopping because end time detected by thread: Load Test 1 Scale Up 2-72 
2015/07/16 11:41:09 INFO  - jmeter.threads.JMeterThread: Thread finished: Load Test 1 Scale Up 2-72 
2015/07/16 11:41:09 INFO  - jmeter.threads.JMeterThread: Stopping because end time detected by thread: Load Test 1 Scale Up 2-70 
2015/07/16 11:41:09 INFO  - jmeter.threads.JMeterThread: Thread finished: Load Test 1 Scale Up 2-70 
2015/07/16 11:41:09 INFO  - jmeter.threads.JMeterThread: Stopping because end time detected by thread: Load Test 1 Scale Up 2-10 
2015/07/16 11:41:09 INFO  - jmeter.threads.JMeterThread: Thread finished: Load Test 1 Scale Up 2-10 
2015/07/16 11:41:09 INFO  - jmeter.threads.JMeterThread: Stopping because end time detected by thread: Load Test 1 Scale Up 2-21 
2015/07/16 11:41:09 INFO  - jmeter.threads.JMeterThread: Thread finished: Load Test 1 Scale Up 2-21 
2015/07/16 11:41:09 INFO  - jmeter.threads.JMeterThread: Stopping because end time detected by thread: Load Test 1 Scale Up 2-57 
2015/07/16 11:41:09 INFO  - jmeter.threads.JMeterThread: Thread finished: Load Test 1 Scale Up 2-57 
2015/07/16 11:41:09 INFO  - jmeter.threads.JMeterThread: Stopping because end time detected by thread: Load Test 1 Scale Up 2-23 
2015/07/16 11:41:09 INFO  - jmeter.threads.JMeterThread: Thread finished: Load Test 1 Scale Up 2-23 
2015/07/16 11:41:09 INFO  - jmeter.threads.JMeterThread: Stopping because end time detected by thread: Load Test 1 Scale Up 2-90 
2015/07/16 11:41:09 INFO  - jmeter.threads.JMeterThread: Thread finished: Load Test 1 Scale Up 2-90 
2015/07/16 11:41:09 INFO  - jmeter.threads.JMeterThread: Stopping because end time detected by thread: Load Test 1 Scale Up 2-5 
2015/07/16 11:41:09 INFO  - jmeter.threads.JMeterThread: Thread finished: Load Test 1 Scale Up 2-5 
2015/07/16 11:41:09 INFO  - jmeter.threads.JMeterThread: Stopping because end time detected by thread: Load Test 1 Scale Up 2-25 
2015/07/16 11:41:09 INFO  - jmeter.threads.JMeterThread: Thread finished: Load Test 1 Scale Up 2-25 
2015/07/16 11:41:10 INFO  - jmeter.threads.JMeterThread: Stopping because end time detected by thread: Load Test 1 Scale Up 2-71 
2015/07/16 11:41:10 INFO  - jmeter.threads.JMeterThread: Thread finished: Load Test 1 Scale Up 2-71 
2015/07/16 11:41:10 INFO  - jmeter.threads.JMeterThread: Stopping because end time detected by thread: Load Test 1 Scale Up 2-29 
2015/07/16 11:41:10 INFO  - jmeter.threads.JMeterThread: Thread finished: Load Test 1 Scale Up 2-29 
2015/07/16 11:41:10 INFO  - jmeter.threads.JMeterThread: Stopping because end time detected by thread: Load Test 1 Scale Up 2-89 
2015/07/16 11:41:10 INFO  - jmeter.threads.JMeterThread: Thread finished: Load Test 1 Scale Up 2-89 
2015/07/16 11:41:11 INFO  - jmeter.threads.JMeterThread: Stopping because end time detected by thread: Load Test 1 Scale Up 2-32 
2015/07/16 11:41:11 INFO  - jmeter.threads.JMeterThread: Thread finished: Load Test 1 Scale Up 2-32 
2015/07/16 11:41:11 INFO  - jmeter.threads.JMeterThread: Stopping because end time detected by thread: Load Test 1 Scale Up 2-97 
2015/07/16 11:41:11 INFO  - jmeter.threads.JMeterThread: Thread finished: Load Test 1 Scale Up 2-97 
2015/07/16 11:41:11 INFO  - jmeter.threads.JMeterThread: Stopping because end time detected by thread: Load Test 1 Scale Up 2-47 
2015/07/16 11:41:11 INFO  - jmeter.threads.JMeterThread: Thread finished: Load Test 1 Scale Up 2-47 
2015/07/16 11:41:11 INFO  - jmeter.threads.JMeterThread: Stopping because end time detected by thread: Load Test 1 Scale Up 2-60 
2015/07/16 11:41:11 INFO  - jmeter.threads.JMeterThread: Thread finished: Load Test 1 Scale Up 2-60 
2015/07/16 11:41:11 INFO  - jmeter.threads.JMeterThread: Stopping because end time detected by thread: Load Test 1 Scale Up 2-75 
2015/07/16 11:41:11 INFO  - jmeter.threads.JMeterThread: Thread finished: Load Test 1 Scale Up 2-75 
2015/07/16 11:41:11 INFO  - jmeter.threads.JMeterThread: Stopping because end time detected by thread: Load Test 1 Scale Up 2-59 
2015/07/16 11:41:11 INFO  - jmeter.threads.JMeterThread: Thread finished: Load Test 1 Scale Up 2-59 
2015/07/16 11:41:11 INFO  - jmeter.threads.JMeterThread: Stopping because end time detected by thread: Load Test 1 Scale Up 2-48 
2015/07/16 11:41:11 INFO  - jmeter.threads.JMeterThread: Thread finished: Load Test 1 Scale Up 2-48 
2015/07/16 11:41:11 INFO  - jmeter.threads.JMeterThread: Stopping because end time detected by thread: Load Test 1 Scale Up 2-68 
2015/07/16 11:41:11 INFO  - jmeter.threads.JMeterThread: Thread finished: Load Test 1 Scale Up 2-68 
2015/07/16 11:41:11 INFO  - jmeter.threads.JMeterThread: Stopping because end time detected by thread: Load Test 1 Scale Up 2-38 
2015/07/16 11:41:11 INFO  - jmeter.threads.JMeterThread: Thread finished: Load Test 1 Scale Up 2-38 
2015/07/16 11:41:11 INFO  - jmeter.threads.JMeterThread: Stopping because end time detected by thread: Load Test 1 Scale Up 2-93 
2015/07/16 11:41:11 INFO  - jmeter.threads.JMeterThread: Thread finished: Load Test 1 Scale Up 2-93 
2015/07/16 11:41:11 INFO  - jmeter.threads.JMeterThread: Stopping because end time detected by thread: Load Test 1 Scale Up 2-92 
2015/07/16 11:41:11 INFO  - jmeter.threads.JMeterThread: Thread finished: Load Test 1 Scale Up 2-92 
2015/07/16 11:41:11 INFO  - jmeter.threads.JMeterThread: Stopping because end time detected by thread: Load Test 1 Scale Up 2-79 
2015/07/16 11:41:11 INFO  - jmeter.threads.JMeterThread: Thread finished: Load Test 1 Scale Up 2-79 
2015/07/16 11:41:11 INFO  - jmeter.threads.JMeterThread: Stopping because end time detected by thread: Load Test 1 Scale Up 2-22 
2015/07/16 11:41:11 INFO  - jmeter.threads.JMeterThread: Thread finished: Load Test 1 Scale Up 2-22 
2015/07/16 11:41:11 INFO  - jmeter.threads.JMeterThread: Stopping because end time detected by thread: Load Test 1 Scale Up 2-83 
2015/07/16 11:41:11 INFO  - jmeter.threads.JMeterThread: Thread finished: Load Test 1 Scale Up 2-83 
2015/07/16 11:41:11 INFO  - jmeter.threads.JMeterThread: Stopping because end time detected by thread: Load Test 1 Scale Up 2-36 
2015/07/16 11:41:11 INFO  - jmeter.threads.JMeterThread: Thread finished: Load Test 1 Scale Up 2-36 
2015/07/16 11:41:11 INFO  - jmeter.threads.JMeterThread: Stopping because end time detected by thread: Load Test 1 Scale Up 2-73 
2015/07/16 11:41:11 INFO  - jmeter.threads.JMeterThread: Thread finished: Load Test 1 Scale Up 2-73 
2015/07/16 11:41:11 INFO  - jmeter.threads.JMeterThread: Stopping because end time detected by thread: Load Test 1 Scale Up 2-34 
2015/07/16 11:41:11 INFO  - jmeter.threads.JMeterThread: Thread finished: Load Test 1 Scale Up 2-34 
2015/07/16 11:41:11 INFO  - jmeter.threads.JMeterThread: Stopping because end time detected by thread: Load Test 1 Scale Up 2-41 
2015/07/16 11:41:11 INFO  - jmeter.threads.JMeterThread: Thread finished: Load Test 1 Scale Up 2-41 
2015/07/16 11:41:11 INFO  - jmeter.threads.JMeterThread: Stopping because end time detected by thread: Load Test 1 Scale Up 2-13 
2015/07/16 11:41:11 INFO  - jmeter.threads.JMeterThread: Thread finished: Load Test 1 Scale Up 2-13 
2015/07/16 11:41:11 INFO  - jmeter.threads.JMeterThread: Stopping because end time detected by thread: Load Test 1 Scale Up 2-67 
2015/07/16 11:41:11 INFO  - jmeter.threads.JMeterThread: Thread finished: Load Test 1 Scale Up 2-67 
2015/07/16 11:41:11 INFO  - jmeter.threads.JMeterThread: Stopping because end time detected by thread: Load Test 1 Scale Up 2-44 
2015/07/16 11:41:11 INFO  - jmeter.threads.JMeterThread: Thread finished: Load Test 1 Scale Up 2-44 
2015/07/16 11:41:12 INFO  - jmeter.threads.JMeterThread: Stopping because end time detected by thread: Load Test 1 Scale Up 2-45 
2015/07/16 11:41:12 INFO  - jmeter.threads.JMeterThread: Thread finished: Load Test 1 Scale Up 2-45 
2015/07/16 11:41:13 INFO  - jmeter.threads.JMeterThread: Stopping because end time detected by thread: Load Test 1 Scale Up 2-99 
2015/07/16 11:41:13 INFO  - jmeter.threads.JMeterThread: Thread finished: Load Test 1 Scale Up 2-99 
2015/07/16 11:41:13 INFO  - jmeter.threads.JMeterThread: Stopping because end time detected by thread: Load Test 1 Scale Up 2-61 
2015/07/16 11:41:13 INFO  - jmeter.threads.JMeterThread: Thread finished: Load Test 1 Scale Up 2-61 
2015/07/16 11:41:13 INFO  - jmeter.threads.JMeterThread: Stopping because end time detected by thread: Load Test 1 Scale Up 2-84 
2015/07/16 11:41:13 INFO  - jmeter.threads.JMeterThread: Thread finished: Load Test 1 Scale Up 2-84 
2015/07/16 11:41:14 INFO  - jmeter.threads.JMeterThread: Stopping because end time detected by thread: Load Test 1 Scale Up 2-26 
2015/07/16 11:41:14 INFO  - jmeter.threads.JMeterThread: Thread finished: Load Test 1 Scale Up 2-26 
2015/07/16 11:41:14 INFO  - jmeter.threads.JMeterThread: Stopping because end time detected by thread: Load Test 1 Scale Up 2-3 
2015/07/16 11:41:14 INFO  - jmeter.threads.JMeterThread: Thread finished: Load Test 1 Scale Up 2-3 
2015/07/16 11:41:14 INFO  - jmeter.threads.JMeterThread: Stopping because end time detected by thread: Load Test 1 Scale Up 2-4 
2015/07/16 11:41:14 INFO  - jmeter.threads.JMeterThread: Thread finished: Load Test 1 Scale Up 2-4 
2015/07/16 11:41:14 INFO  - jmeter.threads.JMeterThread: Stopping because end time detected by thread: Load Test 1 Scale Up 2-55 
2015/07/16 11:41:14 INFO  - jmeter.threads.JMeterThread: Thread finished: Load Test 1 Scale Up 2-55 
2015/07/16 11:41:14 INFO  - jmeter.threads.JMeterThread: Stopping because end time detected by thread: Load Test 1 Scale Up 2-27 
2015/07/16 11:41:14 INFO  - jmeter.threads.JMeterThread: Thread finished: Load Test 1 Scale Up 2-27 
2015/07/16 11:41:14 INFO  - jmeter.threads.JMeterThread: Stopping because end time detected by thread: Load Test 1 Scale Up 2-42 
2015/07/16 11:41:14 INFO  - jmeter.threads.JMeterThread: Thread finished: Load Test 1 Scale Up 2-42 
2015/07/16 11:41:14 INFO  - jmeter.threads.JMeterThread: Stopping because end time detected by thread: Load Test 1 Scale Up 2-20 
2015/07/16 11:41:14 INFO  - jmeter.threads.JMeterThread: Thread finished: Load Test 1 Scale Up 2-20 
2015/07/16 11:41:14 INFO  - jmeter.threads.JMeterThread: Stopping because end time detected by thread: Load Test 1 Scale Up 2-88 
2015/07/16 11:41:14 INFO  - jmeter.threads.JMeterThread: Thread finished: Load Test 1 Scale Up 2-88 
2015/07/16 11:41:15 INFO  - jmeter.threads.JMeterThread: Stopping because end time detected by thread: Load Test 1 Scale Up 2-40 
2015/07/16 11:41:15 INFO  - jmeter.threads.JMeterThread: Thread finished: Load Test 1 Scale Up 2-40 
2015/07/16 11:41:15 INFO  - jmeter.threads.JMeterThread: Stopping because end time detected by thread: Load Test 1 Scale Up 2-100 
2015/07/16 11:41:15 INFO  - jmeter.threads.JMeterThread: Thread finished: Load Test 1 Scale Up 2-100 
2015/07/16 11:41:15 INFO  - jmeter.threads.JMeterThread: Stopping because end time detected by thread: Load Test 1 Scale Up 2-28 
2015/07/16 11:41:15 INFO  - jmeter.threads.JMeterThread: Thread finished: Load Test 1 Scale Up 2-28 
2015/07/16 11:41:15 INFO  - jmeter.threads.JMeterThread: Stopping because end time detected by thread: Load Test 1 Scale Up 2-81 
2015/07/16 11:41:15 INFO  - jmeter.threads.JMeterThread: Stopping because end time detected by thread: Load Test 1 Scale Up 2-39 
2015/07/16 11:41:15 INFO  - jmeter.threads.JMeterThread: Thread finished: Load Test 1 Scale Up 2-81 
2015/07/16 11:41:15 INFO  - jmeter.threads.JMeterThread: Thread finished: Load Test 1 Scale Up 2-39 
2015/07/16 11:41:15 INFO  - jmeter.threads.JMeterThread: Stopping because end time detected by thread: Load Test 1 Scale Up 2-30 
2015/07/16 11:41:15 INFO  - jmeter.threads.JMeterThread: Thread finished: Load Test 1 Scale Up 2-30 
2015/07/16 11:41:15 INFO  - jmeter.threads.JMeterThread: Stopping because end time detected by thread: Load Test 1 Scale Up 2-74 
2015/07/16 11:41:15 INFO  - jmeter.threads.JMeterThread: Thread finished: Load Test 1 Scale Up 2-74 
2015/07/16 11:41:15 INFO  - jmeter.threads.JMeterThread: Stopping because end time detected by thread: Load Test 1 Scale Up 2-95 
2015/07/16 11:41:15 INFO  - jmeter.threads.JMeterThread: Thread finished: Load Test 1 Scale Up 2-95 
2015/07/16 11:41:15 INFO  - jmeter.threads.JMeterThread: Stopping because end time detected by thread: Load Test 1 Scale Up 2-12 
2015/07/16 11:41:15 INFO  - jmeter.threads.JMeterThread: Thread finished: Load Test 1 Scale Up 2-12 
2015/07/16 11:41:15 INFO  - jmeter.threads.JMeterThread: Stopping because end time detected by thread: Load Test 1 Scale Up 2-62 
2015/07/16 11:41:15 INFO  - jmeter.threads.JMeterThread: Thread finished: Load Test 1 Scale Up 2-62 
2015/07/16 11:41:16 INFO  - jmeter.threads.JMeterThread: Stopping because end time detected by thread: Load Test 1 Scale Up 2-9 
2015/07/16 11:41:16 INFO  - jmeter.threads.JMeterThread: Thread finished: Load Test 1 Scale Up 2-9 
2015/07/16 11:41:16 INFO  - jmeter.threads.JMeterThread: Stopping because end time detected by thread: Load Test 1 Scale Up 2-19 
2015/07/16 11:41:16 INFO  - jmeter.threads.JMeterThread: Thread finished: Load Test 1 Scale Up 2-19 
2015/07/16 11:41:16 INFO  - jmeter.threads.JMeterThread: Stopping because end time detected by thread: Load Test 1 Scale Up 2-86 
2015/07/16 11:41:16 INFO  - jmeter.threads.JMeterThread: Thread finished: Load Test 1 Scale Up 2-86 
2015/07/16 11:41:17 INFO  - jmeter.threads.JMeterThread: Stopping because end time detected by thread: Load Test 1 Scale Up 2-18 
2015/07/16 11:41:17 INFO  - jmeter.threads.JMeterThread: Thread finished: Load Test 1 Scale Up 2-18 
2015/07/16 11:41:17 INFO  - jmeter.threads.JMeterThread: Stopping because end time detected by thread: Load Test 1 Scale Up 2-82 
2015/07/16 11:41:17 INFO  - jmeter.threads.JMeterThread: Thread finished: Load Test 1 Scale Up 2-82 
2015/07/16 11:41:17 INFO  - jmeter.threads.JMeterThread: Stopping because end time detected by thread: Load Test 1 Scale Up 2-17 
2015/07/16 11:41:17 INFO  - jmeter.threads.JMeterThread: Thread finished: Load Test 1 Scale Up 2-17 
2015/07/16 11:41:18 INFO  - jmeter.threads.JMeterThread: Stopping because end time detected by thread: Load Test 1 Scale Up 2-66 
2015/07/16 11:41:18 INFO  - jmeter.threads.JMeterThread: Thread finished: Load Test 1 Scale Up 2-66 
2015/07/16 11:41:18 INFO  - jmeter.threads.JMeterThread: Stopping because end time detected by thread: Load Test 1 Scale Up 2-85 
2015/07/16 11:41:18 INFO  - jmeter.threads.JMeterThread: Thread finished: Load Test 1 Scale Up 2-85 
2015/07/16 11:41:18 INFO  - jmeter.threads.JMeterThread: Stopping because end time detected by thread: Load Test 1 Scale Up 2-63 
2015/07/16 11:41:18 INFO  - jmeter.threads.JMeterThread: Stopping because end time detected by thread: Load Test 1 Scale Up 2-16 
2015/07/16 11:41:18 INFO  - jmeter.threads.JMeterThread: Thread finished: Load Test 1 Scale Up 2-63 
2015/07/16 11:41:18 INFO  - jmeter.threads.JMeterThread: Thread finished: Load Test 1 Scale Up 2-16 
2015/07/16 11:41:18 INFO  - jmeter.threads.JMeterThread: Stopping because end time detected by thread: Load Test 1 Scale Up 2-65 
2015/07/16 11:41:18 INFO  - jmeter.threads.JMeterThread: Thread finished: Load Test 1 Scale Up 2-65 
2015/07/16 11:41:18 INFO  - jmeter.threads.JMeterThread: Stopping because end time detected by thread: Load Test 1 Scale Up 2-87 
2015/07/16 11:41:18 INFO  - jmeter.threads.JMeterThread: Thread finished: Load Test 1 Scale Up 2-87 
2015/07/16 11:41:18 INFO  - jmeter.threads.JMeterThread: Stopping because end time detected by thread: Load Test 1 Scale Up 2-56 
2015/07/16 11:41:18 INFO  - jmeter.threads.JMeterThread: Stopping because end time detected by thread: Load Test 1 Scale Up 2-53 
2015/07/16 11:41:18 INFO  - jmeter.threads.JMeterThread: Stopping because end time detected by thread: Load Test 1 Scale Up 2-1 
2015/07/16 11:41:18 INFO  - jmeter.threads.JMeterThread: Thread finished: Load Test 1 Scale Up 2-53 
2015/07/16 11:41:18 INFO  - jmeter.threads.JMeterThread: Thread finished: Load Test 1 Scale Up 2-1 
2015/07/16 11:41:18 INFO  - jmeter.threads.JMeterThread: Thread finished: Load Test 1 Scale Up 2-56 
2015/07/16 11:41:18 INFO  - jmeter.threads.JMeterThread: Stopping because end time detected by thread: Load Test 1 Scale Up 2-50 
2015/07/16 11:41:18 INFO  - jmeter.threads.JMeterThread: Thread finished: Load Test 1 Scale Up 2-50 
2015/07/16 11:41:18 INFO  - jmeter.threads.JMeterThread: Stopping because end time detected by thread: Load Test 1 Scale Up 2-8 
2015/07/16 11:41:18 INFO  - jmeter.threads.JMeterThread: Thread finished: Load Test 1 Scale Up 2-8 
2015/07/16 11:41:18 INFO  - jmeter.threads.JMeterThread: Stopping because end time detected by thread: Load Test 1 Scale Up 2-33 
2015/07/16 11:41:18 INFO  - jmeter.threads.JMeterThread: Thread finished: Load Test 1 Scale Up 2-33 
2015/07/16 11:41:19 INFO  - jmeter.threads.JMeterThread: Stopping because end time detected by thread: Load Test 1 Scale Up 2-46 
2015/07/16 11:41:19 INFO  - jmeter.threads.JMeterThread: Thread finished: Load Test 1 Scale Up 2-46 
2015/07/16 11:41:19 INFO  - jmeter.threads.JMeterThread: Stopping because end time detected by thread: Load Test 1 Scale Up 2-37 
2015/07/16 11:41:19 INFO  - jmeter.threads.JMeterThread: Thread finished: Load Test 1 Scale Up 2-37 
2015/07/16 11:41:19 INFO  - jmeter.threads.JMeterThread: Stopping because end time detected by thread: Load Test 1 Scale Up 2-94 
2015/07/16 11:41:19 INFO  - jmeter.threads.JMeterThread: Thread finished: Load Test 1 Scale Up 2-94 
2015/07/16 11:41:19 INFO  - jmeter.threads.JMeterThread: Stopping because end time detected by thread: Load Test 1 Scale Up 2-98 
2015/07/16 11:41:19 INFO  - jmeter.threads.JMeterThread: Thread finished: Load Test 1 Scale Up 2-98 
2015/07/16 11:41:20 INFO  - jmeter.threads.JMeterThread: Stopping because end time detected by thread: Load Test 1 Scale Up 2-51 
2015/07/16 11:41:20 INFO  - jmeter.threads.JMeterThread: Thread finished: Load Test 1 Scale Up 2-51 
2015/07/16 11:41:23 INFO  - jmeter.threads.JMeterThread: Stopping because end time detected by thread: Load Test 1 Scale Up 2-58 
2015/07/16 11:41:23 INFO  - jmeter.threads.JMeterThread: Thread finished: Load Test 1 Scale Up 2-58 
2015/07/16 11:41:23 INFO  - jmeter.threads.JMeterThread: Stopping because end time detected by thread: Load Test 1 Scale Up 2-80 
2015/07/16 11:41:23 INFO  - jmeter.threads.JMeterThread: Thread finished: Load Test 1 Scale Up 2-80 
2015/07/16 11:41:23 INFO  - jmeter.threads.JMeterThread: Stopping because end time detected by thread: Load Test 1 Scale Up 2-43 
2015/07/16 11:41:23 INFO  - jmeter.threads.JMeterThread: Thread finished: Load Test 1 Scale Up 2-43 
2015/07/16 11:41:23 INFO  - jmeter.threads.JMeterThread: Stopping because end time detected by thread: Load Test 1 Scale Up 2-35 
2015/07/16 11:41:23 INFO  - jmeter.threads.JMeterThread: Thread finished: Load Test 1 Scale Up 2-35 
2015/07/16 11:41:24 INFO  - jmeter.threads.JMeterThread: Stopping because end time detected by thread: Load Test 1 Scale Up 2-77 
2015/07/16 11:41:24 INFO  - jmeter.threads.JMeterThread: Thread finished: Load Test 1 Scale Up 2-77 
2015/07/16 11:41:24 INFO  - jmeter.threads.JMeterThread: Stopping because end time detected by thread: Load Test 1 Scale Up 2-24 
2015/07/16 11:41:24 INFO  - jmeter.threads.JMeterThread: Thread finished: Load Test 1 Scale Up 2-24 
2015/07/16 11:41:25 INFO  - jmeter.threads.JMeterThread: Stopping because end time detected by thread: Load Test 1 Scale Up 2-76 
2015/07/16 11:41:25 INFO  - jmeter.threads.JMeterThread: Thread finished: Load Test 1 Scale Up 2-76 
2015/07/16 11:41:25 INFO  - jmeter.threads.JMeterThread: Stopping because end time detected by thread: Load Test 1 Scale Up 2-78 
2015/07/16 11:41:25 INFO  - jmeter.threads.JMeterThread: Thread finished: Load Test 1 Scale Up 2-78 
2015/07/16 11:41:26 INFO  - jmeter.threads.JMeterThread: Stopping because end time detected by thread: Load Test 1 Scale Up 2-91 
2015/07/16 11:41:26 INFO  - jmeter.threads.JMeterThread: Thread finished: Load Test 1 Scale Up 2-91 
2015/07/16 11:41:26 INFO  - jmeter.threads.JMeterThread: Stopping because end time detected by thread: Load Test 1 Scale Up 2-31 
2015/07/16 11:41:26 INFO  - jmeter.threads.JMeterThread: Thread finished: Load Test 1 Scale Up 2-31 
2015/07/16 11:41:26 INFO  - jmeter.threads.JMeterThread: Stopping because end time detected by thread: Load Test 1 Scale Up 2-6 
2015/07/16 11:41:26 INFO  - jmeter.threads.JMeterThread: Thread finished: Load Test 1 Scale Up 2-6 
2015/07/16 11:41:27 INFO  - jmeter.threads.JMeterThread: Stopping because end time detected by thread: Load Test 1 Scale Up 2-2 
2015/07/16 11:41:27 INFO  - jmeter.threads.JMeterThread: Thread finished: Load Test 1 Scale Up 2-2 
2015/07/16 11:41:27 INFO  - jmeter.threads.JMeterThread: Stopping because end time detected by thread: Load Test 1 Scale Up 2-7 
2015/07/16 11:41:27 INFO  - jmeter.threads.JMeterThread: Thread finished: Load Test 1 Scale Up 2-7 
2015/07/16 11:41:27 INFO  - jmeter.threads.JMeterThread: Stopping because end time detected by thread: Load Test 1 Scale Up 2-52 
2015/07/16 11:41:27 INFO  - jmeter.threads.JMeterThread: Thread finished: Load Test 1 Scale Up 2-52 
2015/07/16 11:41:27 INFO  - jmeter.engine.StandardJMeterEngine: Notifying test listeners of end of test 
2015/07/16 11:41:27 INFO  - jmeter.services.FileServer: Close: Airports2.csv 
2015/07/16 11:41:27 INFO  - jmeter.services.FileServer: Close: Airports.csv 
